[0m11:26:44.589170 [debug] [MainThread]: Sending event: {'category': 'dbt', 'action': 'invocation', 'label': 'start', 'context': [<snowplow_tracker.self_describing_json.SelfDescribingJson object at 0x0000027004029FD0>, <snowplow_tracker.self_describing_json.SelfDescribingJson object at 0x0000027006AC7ED0>, <snowplow_tracker.self_describing_json.SelfDescribingJson object at 0x0000027006AC7C50>]}


============================== 11:26:44.622605 | 62218edf-2b3e-4dde-9da7-9176bba377b3 ==============================
[0m11:26:44.622605 [info ] [MainThread]: Running with dbt=1.7.19
[0m11:26:44.623559 [debug] [MainThread]: running dbt with arguments {'printer_width': '80', 'indirect_selection': 'eager', 'write_json': 'True', 'log_cache_events': 'False', 'partial_parse': 'True', 'cache_selected_only': 'False', 'warn_error': 'None', 'fail_fast': 'False', 'profiles_dir': 'C:\\Users\\chip0\\.dbt', 'log_path': 'logs', 'version_check': 'True', 'debug': 'False', 'use_colors': 'True', 'use_experimental_parser': 'False', 'no_print': 'None', 'quiet': 'False', 'warn_error_options': 'WarnErrorOptions(include=[], exclude=[])', 'introspect': 'True', 'log_format': 'default', 'invocation_command': 'dbt init', 'target_path': 'None', 'static_parser': 'True', 'send_anonymous_usage_stats': 'True'}
[0m11:26:44.624419 [warn ] [MainThread]: [ConfigFolderDirectory]: Unable to parse dict {'dir': WindowsPath('C:/Users/chip0/.dbt')}
[0m11:26:44.624944 [info ] [MainThread]: Creating dbt configuration folder at 
[0m11:26:59.935015 [debug] [MainThread]: Starter project path: C:\Users\chip0\Documents\WildCodeSchool\DBT_DEMO\.venv\Lib\site-packages\dbt\include\starter_project
[0m11:26:59.949803 [info ] [MainThread]: 
Your new dbt project "DBT_PROJET" was created!

For more information on how to configure the profiles.yml file,
please consult the dbt documentation here:

  https://docs.getdbt.com/docs/configure-your-profile

One more thing:

Need help? Don't hesitate to reach out to us via GitHub issues or on Slack:

  https://community.getdbt.com/

Happy modeling!

[0m11:26:59.950591 [info ] [MainThread]: Setting up your profile.
[0m11:27:10.136844 [info ] [MainThread]: Profile DBT_PROJET written to C:\Users\chip0\.dbt\profiles.yml using target's sample configuration. Once updated, you'll be able to start developing with dbt.
[0m11:27:10.137840 [debug] [MainThread]: Command `dbt init` succeeded at 11:27:10.137695 after 25.68 seconds
[0m11:27:10.138179 [debug] [MainThread]: Sending event: {'category': 'dbt', 'action': 'invocation', 'label': 'end', 'context': [<snowplow_tracker.self_describing_json.SelfDescribingJson object at 0x000002707EE46650>, <snowplow_tracker.self_describing_json.SelfDescribingJson object at 0x00000270070797F0>, <snowplow_tracker.self_describing_json.SelfDescribingJson object at 0x000002700709FF00>]}
[0m11:27:10.138536 [debug] [MainThread]: Flushing usage events
